have_func: checking for fdatasync() in unistd.h... -------------------- no

PATH=".;c:/Ruby34-x64/lib;c:\Ruby34-x64\bin;c:\Ruby34-x64\msys64\ucrt64\bin;c:\Ruby34-x64\msys64\usr\bin;C:\Users\misha\.local\share\gem\ruby\3.4.0\bin;c:\Ruby34-x64\lib\ruby\gems\3.4.0\bin;c:\Ruby34-x64\bin;C:\Program Files (x86)\Common Files\Oracle\Java\java8path;C:\Program Files (x86)\Common Files\Oracle\Java\javapath;C:\Program Files\NVIDIA GPU Computing Toolkit\CUDA\v13.1\bin\x64;C:\Program Files\NVIDIA GPU Computing Toolkit\CUDA\v13.1\bin;C:\Program Files\BellSoft\LibericaJDK-8-Full\bin\;C:\WINDOWS\system32;C:\WINDOWS;C:\WINDOWS\System32\Wbem;C:\WINDOWS\System32\WindowsPowerShell\v1.0\;C:\WINDOWS\System32\OpenSSH\;C:\Program Files\Go\bin;C:\Program Files\NVIDIA Corporation\NVIDIA App\NvDLISR;C:\Program Files\dotnet\;C:\Program Files (x86)\NVIDIA Corporation\PhysX\Common;C:\Program Files\Git\cmd;C:\Program Files\Docker\Docker\resources\bin;C:\Program Files\NVIDIA Corporation\Nsight Compute 2025.4.0\;C:\Program Files\Cloudflare\Cloudflare WARP\;C:\Program Files\nodejs\;C:\Ruby34-x64\bin;C:\Users\misha\AppData\Local\Programs\Python\Python313\Scripts\;C:\Users\misha\AppData\Local\Programs\Python\Python313\;C:\Users\misha\AppData\Local\Programs\Python\Launcher\;C:\Users\misha\AppData\Local\Microsoft\WindowsApps;E:\Microsoft VS Code\bin;C:\Users\misha\go\bin;D:\modelsim\modelsim_ase\win32aloem;D:\quartus\qcore\questa_fse\win64;D:\quartus\qcore\questa_fe\win64;C:\Users\misha\AppData\Roaming\npm" ASAN_OPTIONS=detect_leaks=0 "gcc -o conftest.exe -Ic:/Ruby34-x64/include/ruby-3.4.0/x64-mingw-ucrt -Ic:/Ruby34-x64/include/ruby-3.4.0/ruby/backward -Ic:/Ruby34-x64/include/ruby-3.4.0 -I. -D_WIN32_WINNT=0x0600 -D__MINGW_USE_VC2005_COMPAT -D_FILE_OFFSET_BITS=64  -O3 -fstack-protector-strong conftest.c -L. -Lc:/Ruby34-x64/lib -L. -pipe -s -fstack-protector-strong -lpthread -Wl,--no-as-needed     -lx64-ucrt-ruby340  -lshell32 -lws2_32 -liphlpapi -limagehlp -lshlwapi -lbcrypt  "
checked program was:
/* begin */
1: #include "ruby.h"
2: 
3: #include <winsock2.h>
4: #include <windows.h>
5: int main(int argc, char **argv)
6: {
7:   return !!argv[argc];
8: }
/* end */

PATH=".;c:/Ruby34-x64/lib;c:\Ruby34-x64\bin;c:\Ruby34-x64\msys64\ucrt64\bin;c:\Ruby34-x64\msys64\usr\bin;C:\Users\misha\.local\share\gem\ruby\3.4.0\bin;c:\Ruby34-x64\lib\ruby\gems\3.4.0\bin;c:\Ruby34-x64\bin;C:\Program Files (x86)\Common Files\Oracle\Java\java8path;C:\Program Files (x86)\Common Files\Oracle\Java\javapath;C:\Program Files\NVIDIA GPU Computing Toolkit\CUDA\v13.1\bin\x64;C:\Program Files\NVIDIA GPU Computing Toolkit\CUDA\v13.1\bin;C:\Program Files\BellSoft\LibericaJDK-8-Full\bin\;C:\WINDOWS\system32;C:\WINDOWS;C:\WINDOWS\System32\Wbem;C:\WINDOWS\System32\WindowsPowerShell\v1.0\;C:\WINDOWS\System32\OpenSSH\;C:\Program Files\Go\bin;C:\Program Files\NVIDIA Corporation\NVIDIA App\NvDLISR;C:\Program Files\dotnet\;C:\Program Files (x86)\NVIDIA Corporation\PhysX\Common;C:\Program Files\Git\cmd;C:\Program Files\Docker\Docker\resources\bin;C:\Program Files\NVIDIA Corporation\Nsight Compute 2025.4.0\;C:\Program Files\Cloudflare\Cloudflare WARP\;C:\Program Files\nodejs\;C:\Ruby34-x64\bin;C:\Users\misha\AppData\Local\Programs\Python\Python313\Scripts\;C:\Users\misha\AppData\Local\Programs\Python\Python313\;C:\Users\misha\AppData\Local\Programs\Python\Launcher\;C:\Users\misha\AppData\Local\Microsoft\WindowsApps;E:\Microsoft VS Code\bin;C:\Users\misha\go\bin;D:\modelsim\modelsim_ase\win32aloem;D:\quartus\qcore\questa_fse\win64;D:\quartus\qcore\questa_fe\win64;C:\Users\misha\AppData\Roaming\npm" ASAN_OPTIONS=detect_leaks=0 "gcc -o conftest.exe -Ic:/Ruby34-x64/include/ruby-3.4.0/x64-mingw-ucrt -Ic:/Ruby34-x64/include/ruby-3.4.0/ruby/backward -Ic:/Ruby34-x64/include/ruby-3.4.0 -I. -D_WIN32_WINNT=0x0600 -D__MINGW_USE_VC2005_COMPAT -D_FILE_OFFSET_BITS=64  -O3 -fstack-protector-strong conftest.c -L. -Lc:/Ruby34-x64/lib -L. -pipe -s -fstack-protector-strong -lpthread -Wl,--no-as-needed     -lx64-ucrt-ruby340  -lshell32 -lws2_32 -liphlpapi -limagehlp -lshlwapi -lbcrypt  "
conftest.c: In function 't':
conftest.c:18:57: error: 'fdatasync' undeclared (first use in this function)
   18 | int t(void) { void ((*volatile p)()); p = (void ((*)()))fdatasync; return !p; }
      |                                                         ^~~~~~~~~
conftest.c:18:57: note: each undeclared identifier is reported only once for each function it appears in
checked program was:
/* begin */
 1: #include "ruby.h"
 2: 
 3: #include <winsock2.h>
 4: #include <windows.h>
 5: #include <unistd.h>
 6: 
 7: /*top*/
 8: extern int t(void);
 9: int main(int argc, char **argv)
10: {
11:   if (argc > 1000000) {
12:     int (* volatile tp)(void)=(int (*)(void))&t;
13:     printf("%d", (*tp)());
14:   }
15: 
16:   return !!argv[argc];
17: }
18: int t(void) { void ((*volatile p)()); p = (void ((*)()))fdatasync; return !p; }
/* end */

PATH=".;c:/Ruby34-x64/lib;c:\Ruby34-x64\bin;c:\Ruby34-x64\msys64\ucrt64\bin;c:\Ruby34-x64\msys64\usr\bin;C:\Users\misha\.local\share\gem\ruby\3.4.0\bin;c:\Ruby34-x64\lib\ruby\gems\3.4.0\bin;c:\Ruby34-x64\bin;C:\Program Files (x86)\Common Files\Oracle\Java\java8path;C:\Program Files (x86)\Common Files\Oracle\Java\javapath;C:\Program Files\NVIDIA GPU Computing Toolkit\CUDA\v13.1\bin\x64;C:\Program Files\NVIDIA GPU Computing Toolkit\CUDA\v13.1\bin;C:\Program Files\BellSoft\LibericaJDK-8-Full\bin\;C:\WINDOWS\system32;C:\WINDOWS;C:\WINDOWS\System32\Wbem;C:\WINDOWS\System32\WindowsPowerShell\v1.0\;C:\WINDOWS\System32\OpenSSH\;C:\Program Files\Go\bin;C:\Program Files\NVIDIA Corporation\NVIDIA App\NvDLISR;C:\Program Files\dotnet\;C:\Program Files (x86)\NVIDIA Corporation\PhysX\Common;C:\Program Files\Git\cmd;C:\Program Files\Docker\Docker\resources\bin;C:\Program Files\NVIDIA Corporation\Nsight Compute 2025.4.0\;C:\Program Files\Cloudflare\Cloudflare WARP\;C:\Program Files\nodejs\;C:\Ruby34-x64\bin;C:\Users\misha\AppData\Local\Programs\Python\Python313\Scripts\;C:\Users\misha\AppData\Local\Programs\Python\Python313\;C:\Users\misha\AppData\Local\Programs\Python\Launcher\;C:\Users\misha\AppData\Local\Microsoft\WindowsApps;E:\Microsoft VS Code\bin;C:\Users\misha\go\bin;D:\modelsim\modelsim_ase\win32aloem;D:\quartus\qcore\questa_fse\win64;D:\quartus\qcore\questa_fe\win64;C:\Users\misha\AppData\Roaming\npm" ASAN_OPTIONS=detect_leaks=0 "gcc -o conftest.exe -Ic:/Ruby34-x64/include/ruby-3.4.0/x64-mingw-ucrt -Ic:/Ruby34-x64/include/ruby-3.4.0/ruby/backward -Ic:/Ruby34-x64/include/ruby-3.4.0 -I. -D_WIN32_WINNT=0x0600 -D__MINGW_USE_VC2005_COMPAT -D_FILE_OFFSET_BITS=64  -O3 -fstack-protector-strong conftest.c -L. -Lc:/Ruby34-x64/lib -L. -pipe -s -fstack-protector-strong -lpthread -Wl,--no-as-needed     -lx64-ucrt-ruby340  -lshell32 -lws2_32 -liphlpapi -limagehlp -lshlwapi -lbcrypt  "
C:/Ruby34-x64/msys64/ucrt64/bin/../lib/gcc/x86_64-w64-mingw32/15.2.0/../../../../x86_64-w64-mingw32/bin/ld.exe: C:\Users\misha\AppData\Local\Temp\ccMddFvJ.o:conftest.c:(.text+0x5): undefined reference to `fdatasync'
collect2.exe: error: ld returned 1 exit status
checked program was:
/* begin */
 1: #include "ruby.h"
 2: 
 3: #include <winsock2.h>
 4: #include <windows.h>
 5: #include <unistd.h>
 6: 
 7: /*top*/
 8: extern int t(void);
 9: int main(int argc, char **argv)
10: {
11:   if (argc > 1000000) {
12:     int (* volatile tp)(void)=(int (*)(void))&t;
13:     printf("%d", (*tp)());
14:   }
15: 
16:   return !!argv[argc];
17: }
18: extern void fdatasync();
19: int t(void) { fdatasync(); return 0; }
/* end */

--------------------

have_func: checking for fstatat() in sys/stat.h... -------------------- no

PATH=".;c:/Ruby34-x64/lib;c:\Ruby34-x64\bin;c:\Ruby34-x64\msys64\ucrt64\bin;c:\Ruby34-x64\msys64\usr\bin;C:\Users\misha\.local\share\gem\ruby\3.4.0\bin;c:\Ruby34-x64\lib\ruby\gems\3.4.0\bin;c:\Ruby34-x64\bin;C:\Program Files (x86)\Common Files\Oracle\Java\java8path;C:\Program Files (x86)\Common Files\Oracle\Java\javapath;C:\Program Files\NVIDIA GPU Computing Toolkit\CUDA\v13.1\bin\x64;C:\Program Files\NVIDIA GPU Computing Toolkit\CUDA\v13.1\bin;C:\Program Files\BellSoft\LibericaJDK-8-Full\bin\;C:\WINDOWS\system32;C:\WINDOWS;C:\WINDOWS\System32\Wbem;C:\WINDOWS\System32\WindowsPowerShell\v1.0\;C:\WINDOWS\System32\OpenSSH\;C:\Program Files\Go\bin;C:\Program Files\NVIDIA Corporation\NVIDIA App\NvDLISR;C:\Program Files\dotnet\;C:\Program Files (x86)\NVIDIA Corporation\PhysX\Common;C:\Program Files\Git\cmd;C:\Program Files\Docker\Docker\resources\bin;C:\Program Files\NVIDIA Corporation\Nsight Compute 2025.4.0\;C:\Program Files\Cloudflare\Cloudflare WARP\;C:\Program Files\nodejs\;C:\Ruby34-x64\bin;C:\Users\misha\AppData\Local\Programs\Python\Python313\Scripts\;C:\Users\misha\AppData\Local\Programs\Python\Python313\;C:\Users\misha\AppData\Local\Programs\Python\Launcher\;C:\Users\misha\AppData\Local\Microsoft\WindowsApps;E:\Microsoft VS Code\bin;C:\Users\misha\go\bin;D:\modelsim\modelsim_ase\win32aloem;D:\quartus\qcore\questa_fse\win64;D:\quartus\qcore\questa_fe\win64;C:\Users\misha\AppData\Roaming\npm" ASAN_OPTIONS=detect_leaks=0 "gcc -o conftest.exe -Ic:/Ruby34-x64/include/ruby-3.4.0/x64-mingw-ucrt -Ic:/Ruby34-x64/include/ruby-3.4.0/ruby/backward -Ic:/Ruby34-x64/include/ruby-3.4.0 -I. -D_WIN32_WINNT=0x0600 -D__MINGW_USE_VC2005_COMPAT -D_FILE_OFFSET_BITS=64  -O3 -fstack-protector-strong conftest.c -L. -Lc:/Ruby34-x64/lib -L. -pipe -s -fstack-protector-strong -lpthread -Wl,--no-as-needed     -lx64-ucrt-ruby340  -lshell32 -lws2_32 -liphlpapi -limagehlp -lshlwapi -lbcrypt  "
conftest.c: In function 't':
conftest.c:18:57: error: 'fstatat' undeclared (first use in this function); did you mean 'fstat64'?
   18 | int t(void) { void ((*volatile p)()); p = (void ((*)()))fstatat; return !p; }
      |                                                         ^~~~~~~
      |                                                         fstat64
conftest.c:18:57: note: each undeclared identifier is reported only once for each function it appears in
checked program was:
/* begin */
 1: #include "ruby.h"
 2: 
 3: #include <winsock2.h>
 4: #include <windows.h>
 5: #include <sys/stat.h>
 6: 
 7: /*top*/
 8: extern int t(void);
 9: int main(int argc, char **argv)
10: {
11:   if (argc > 1000000) {
12:     int (* volatile tp)(void)=(int (*)(void))&t;
13:     printf("%d", (*tp)());
14:   }
15: 
16:   return !!argv[argc];
17: }
18: int t(void) { void ((*volatile p)()); p = (void ((*)()))fstatat; return !p; }
/* end */

PATH=".;c:/Ruby34-x64/lib;c:\Ruby34-x64\bin;c:\Ruby34-x64\msys64\ucrt64\bin;c:\Ruby34-x64\msys64\usr\bin;C:\Users\misha\.local\share\gem\ruby\3.4.0\bin;c:\Ruby34-x64\lib\ruby\gems\3.4.0\bin;c:\Ruby34-x64\bin;C:\Program Files (x86)\Common Files\Oracle\Java\java8path;C:\Program Files (x86)\Common Files\Oracle\Java\javapath;C:\Program Files\NVIDIA GPU Computing Toolkit\CUDA\v13.1\bin\x64;C:\Program Files\NVIDIA GPU Computing Toolkit\CUDA\v13.1\bin;C:\Program Files\BellSoft\LibericaJDK-8-Full\bin\;C:\WINDOWS\system32;C:\WINDOWS;C:\WINDOWS\System32\Wbem;C:\WINDOWS\System32\WindowsPowerShell\v1.0\;C:\WINDOWS\System32\OpenSSH\;C:\Program Files\Go\bin;C:\Program Files\NVIDIA Corporation\NVIDIA App\NvDLISR;C:\Program Files\dotnet\;C:\Program Files (x86)\NVIDIA Corporation\PhysX\Common;C:\Program Files\Git\cmd;C:\Program Files\Docker\Docker\resources\bin;C:\Program Files\NVIDIA Corporation\Nsight Compute 2025.4.0\;C:\Program Files\Cloudflare\Cloudflare WARP\;C:\Program Files\nodejs\;C:\Ruby34-x64\bin;C:\Users\misha\AppData\Local\Programs\Python\Python313\Scripts\;C:\Users\misha\AppData\Local\Programs\Python\Python313\;C:\Users\misha\AppData\Local\Programs\Python\Launcher\;C:\Users\misha\AppData\Local\Microsoft\WindowsApps;E:\Microsoft VS Code\bin;C:\Users\misha\go\bin;D:\modelsim\modelsim_ase\win32aloem;D:\quartus\qcore\questa_fse\win64;D:\quartus\qcore\questa_fe\win64;C:\Users\misha\AppData\Roaming\npm" ASAN_OPTIONS=detect_leaks=0 "gcc -o conftest.exe -Ic:/Ruby34-x64/include/ruby-3.4.0/x64-mingw-ucrt -Ic:/Ruby34-x64/include/ruby-3.4.0/ruby/backward -Ic:/Ruby34-x64/include/ruby-3.4.0 -I. -D_WIN32_WINNT=0x0600 -D__MINGW_USE_VC2005_COMPAT -D_FILE_OFFSET_BITS=64  -O3 -fstack-protector-strong conftest.c -L. -Lc:/Ruby34-x64/lib -L. -pipe -s -fstack-protector-strong -lpthread -Wl,--no-as-needed     -lx64-ucrt-ruby340  -lshell32 -lws2_32 -liphlpapi -limagehlp -lshlwapi -lbcrypt  "
C:/Ruby34-x64/msys64/ucrt64/bin/../lib/gcc/x86_64-w64-mingw32/15.2.0/../../../../x86_64-w64-mingw32/bin/ld.exe: C:\Users\misha\AppData\Local\Temp\ccIMVWAb.o:conftest.c:(.text+0x5): undefined reference to `fstatat'
collect2.exe: error: ld returned 1 exit status
checked program was:
/* begin */
 1: #include "ruby.h"
 2: 
 3: #include <winsock2.h>
 4: #include <windows.h>
 5: #include <sys/stat.h>
 6: 
 7: /*top*/
 8: extern int t(void);
 9: int main(int argc, char **argv)
10: {
11:   if (argc > 1000000) {
12:     int (* volatile tp)(void)=(int (*)(void))&t;
13:     printf("%d", (*tp)());
14:   }
15: 
16:   return !!argv[argc];
17: }
18: extern void fstatat();
19: int t(void) { fstatat(); return 0; }
/* end */

--------------------

append_cflags: checking for whether -O3 is accepted as CFLAGS... -------------------- yes

PATH=".;c:/Ruby34-x64/lib;c:\Ruby34-x64\bin;c:\Ruby34-x64\msys64\ucrt64\bin;c:\Ruby34-x64\msys64\usr\bin;C:\Users\misha\.local\share\gem\ruby\3.4.0\bin;c:\Ruby34-x64\lib\ruby\gems\3.4.0\bin;c:\Ruby34-x64\bin;C:\Program Files (x86)\Common Files\Oracle\Java\java8path;C:\Program Files (x86)\Common Files\Oracle\Java\javapath;C:\Program Files\NVIDIA GPU Computing Toolkit\CUDA\v13.1\bin\x64;C:\Program Files\NVIDIA GPU Computing Toolkit\CUDA\v13.1\bin;C:\Program Files\BellSoft\LibericaJDK-8-Full\bin\;C:\WINDOWS\system32;C:\WINDOWS;C:\WINDOWS\System32\Wbem;C:\WINDOWS\System32\WindowsPowerShell\v1.0\;C:\WINDOWS\System32\OpenSSH\;C:\Program Files\Go\bin;C:\Program Files\NVIDIA Corporation\NVIDIA App\NvDLISR;C:\Program Files\dotnet\;C:\Program Files (x86)\NVIDIA Corporation\PhysX\Common;C:\Program Files\Git\cmd;C:\Program Files\Docker\Docker\resources\bin;C:\Program Files\NVIDIA Corporation\Nsight Compute 2025.4.0\;C:\Program Files\Cloudflare\Cloudflare WARP\;C:\Program Files\nodejs\;C:\Ruby34-x64\bin;C:\Users\misha\AppData\Local\Programs\Python\Python313\Scripts\;C:\Users\misha\AppData\Local\Programs\Python\Python313\;C:\Users\misha\AppData\Local\Programs\Python\Launcher\;C:\Users\misha\AppData\Local\Microsoft\WindowsApps;E:\Microsoft VS Code\bin;C:\Users\misha\go\bin;D:\modelsim\modelsim_ase\win32aloem;D:\quartus\qcore\questa_fse\win64;D:\quartus\qcore\questa_fe\win64;C:\Users\misha\AppData\Roaming\npm" ASAN_OPTIONS=detect_leaks=0 "gcc -Ic:/Ruby34-x64/include/ruby-3.4.0/x64-mingw-ucrt -Ic:/Ruby34-x64/include/ruby-3.4.0/ruby/backward -Ic:/Ruby34-x64/include/ruby-3.4.0 -I. -D_WIN32_WINNT=0x0600 -D__MINGW_USE_VC2005_COMPAT -D_FILE_OFFSET_BITS=64  -O3 -fstack-protector-strong  -O3 -Werror -c conftest.c"
checked program was:
/* begin */
1: #include "ruby.h"
2: 
3: #include <winsock2.h>
4: #include <windows.h>
5: int main(int argc, char **argv)
6: {
7:   return !!argv[argc];
8: }
/* end */

--------------------

append_cflags: checking for whether -std=c99 is accepted as CFLAGS... -------------------- yes

PATH=".;c:/Ruby34-x64/lib;c:\Ruby34-x64\bin;c:\Ruby34-x64\msys64\ucrt64\bin;c:\Ruby34-x64\msys64\usr\bin;C:\Users\misha\.local\share\gem\ruby\3.4.0\bin;c:\Ruby34-x64\lib\ruby\gems\3.4.0\bin;c:\Ruby34-x64\bin;C:\Program Files (x86)\Common Files\Oracle\Java\java8path;C:\Program Files (x86)\Common Files\Oracle\Java\javapath;C:\Program Files\NVIDIA GPU Computing Toolkit\CUDA\v13.1\bin\x64;C:\Program Files\NVIDIA GPU Computing Toolkit\CUDA\v13.1\bin;C:\Program Files\BellSoft\LibericaJDK-8-Full\bin\;C:\WINDOWS\system32;C:\WINDOWS;C:\WINDOWS\System32\Wbem;C:\WINDOWS\System32\WindowsPowerShell\v1.0\;C:\WINDOWS\System32\OpenSSH\;C:\Program Files\Go\bin;C:\Program Files\NVIDIA Corporation\NVIDIA App\NvDLISR;C:\Program Files\dotnet\;C:\Program Files (x86)\NVIDIA Corporation\PhysX\Common;C:\Program Files\Git\cmd;C:\Program Files\Docker\Docker\resources\bin;C:\Program Files\NVIDIA Corporation\Nsight Compute 2025.4.0\;C:\Program Files\Cloudflare\Cloudflare WARP\;C:\Program Files\nodejs\;C:\Ruby34-x64\bin;C:\Users\misha\AppData\Local\Programs\Python\Python313\Scripts\;C:\Users\misha\AppData\Local\Programs\Python\Python313\;C:\Users\misha\AppData\Local\Programs\Python\Launcher\;C:\Users\misha\AppData\Local\Microsoft\WindowsApps;E:\Microsoft VS Code\bin;C:\Users\misha\go\bin;D:\modelsim\modelsim_ase\win32aloem;D:\quartus\qcore\questa_fse\win64;D:\quartus\qcore\questa_fe\win64;C:\Users\misha\AppData\Roaming\npm" ASAN_OPTIONS=detect_leaks=0 "gcc -Ic:/Ruby34-x64/include/ruby-3.4.0/x64-mingw-ucrt -Ic:/Ruby34-x64/include/ruby-3.4.0/ruby/backward -Ic:/Ruby34-x64/include/ruby-3.4.0 -I. -D_WIN32_WINNT=0x0600 -D__MINGW_USE_VC2005_COMPAT -D_FILE_OFFSET_BITS=64  -O3 -fstack-protector-strong -O3  -std=c99 -Werror -c conftest.c"
checked program was:
/* begin */
1: #include "ruby.h"
2: 
3: #include <winsock2.h>
4: #include <windows.h>
5: int main(int argc, char **argv)
6: {
7:   return !!argv[argc];
8: }
/* end */

--------------------

