append_cflags: checking for whether -Wall is accepted as CFLAGS... -------------------- yes

PATH=".;c:/Ruby34-x64/lib;c:\Ruby34-x64\bin;c:\Ruby34-x64\msys64\ucrt64\bin;c:\Ruby34-x64\msys64\usr\bin;C:\Users\misha\.local\share\gem\ruby\3.4.0\bin;c:\Ruby34-x64\lib\ruby\gems\3.4.0\bin;c:\Ruby34-x64\bin;C:\Program Files (x86)\Common Files\Oracle\Java\java8path;C:\Program Files (x86)\Common Files\Oracle\Java\javapath;C:\Program Files\NVIDIA GPU Computing Toolkit\CUDA\v13.1\bin\x64;C:\Program Files\NVIDIA GPU Computing Toolkit\CUDA\v13.1\bin;C:\Program Files\BellSoft\LibericaJDK-8-Full\bin\;C:\WINDOWS\system32;C:\WINDOWS;C:\WINDOWS\System32\Wbem;C:\WINDOWS\System32\WindowsPowerShell\v1.0\;C:\WINDOWS\System32\OpenSSH\;C:\Program Files\Go\bin;C:\Program Files\NVIDIA Corporation\NVIDIA App\NvDLISR;C:\Program Files\dotnet\;C:\Program Files (x86)\NVIDIA Corporation\PhysX\Common;C:\Program Files\Git\cmd;C:\Program Files\Docker\Docker\resources\bin;C:\Program Files\NVIDIA Corporation\Nsight Compute 2025.4.0\;C:\Program Files\Cloudflare\Cloudflare WARP\;C:\Program Files\nodejs\;C:\Ruby34-x64\bin;C:\Users\misha\AppData\Local\Programs\Python\Python313\Scripts\;C:\Users\misha\AppData\Local\Programs\Python\Python313\;C:\Users\misha\AppData\Local\Programs\Python\Launcher\;C:\Users\misha\AppData\Local\Microsoft\WindowsApps;E:\Microsoft VS Code\bin;C:\Users\misha\go\bin;D:\modelsim\modelsim_ase\win32aloem;D:\quartus\qcore\questa_fse\win64;D:\quartus\qcore\questa_fe\win64;C:\Users\misha\AppData\Roaming\npm" ASAN_OPTIONS=detect_leaks=0 "gcc -o conftest.exe -Ic:/Ruby34-x64/include/ruby-3.4.0/x64-mingw-ucrt -Ic:/Ruby34-x64/include/ruby-3.4.0/ruby/backward -Ic:/Ruby34-x64/include/ruby-3.4.0 -I. -D_WIN32_WINNT=0x0600 -D__MINGW_USE_VC2005_COMPAT -D_FILE_OFFSET_BITS=64  -O3 -fstack-protector-strong conftest.c -L. -Lc:/Ruby34-x64/lib -L. -pipe -s -fstack-protector-strong -lpthread -Wl,--no-as-needed     -lx64-ucrt-ruby340  -lshell32 -lws2_32 -liphlpapi -limagehlp -lshlwapi -lbcrypt  "
checked program was:
/* begin */
1: #include "ruby.h"
2: 
3: #include <winsock2.h>
4: #include <windows.h>
5: int main(int argc, char **argv)
6: {
7:   return !!argv[argc];
8: }
/* end */

PATH=".;c:/Ruby34-x64/lib;c:\Ruby34-x64\bin;c:\Ruby34-x64\msys64\ucrt64\bin;c:\Ruby34-x64\msys64\usr\bin;C:\Users\misha\.local\share\gem\ruby\3.4.0\bin;c:\Ruby34-x64\lib\ruby\gems\3.4.0\bin;c:\Ruby34-x64\bin;C:\Program Files (x86)\Common Files\Oracle\Java\java8path;C:\Program Files (x86)\Common Files\Oracle\Java\javapath;C:\Program Files\NVIDIA GPU Computing Toolkit\CUDA\v13.1\bin\x64;C:\Program Files\NVIDIA GPU Computing Toolkit\CUDA\v13.1\bin;C:\Program Files\BellSoft\LibericaJDK-8-Full\bin\;C:\WINDOWS\system32;C:\WINDOWS;C:\WINDOWS\System32\Wbem;C:\WINDOWS\System32\WindowsPowerShell\v1.0\;C:\WINDOWS\System32\OpenSSH\;C:\Program Files\Go\bin;C:\Program Files\NVIDIA Corporation\NVIDIA App\NvDLISR;C:\Program Files\dotnet\;C:\Program Files (x86)\NVIDIA Corporation\PhysX\Common;C:\Program Files\Git\cmd;C:\Program Files\Docker\Docker\resources\bin;C:\Program Files\NVIDIA Corporation\Nsight Compute 2025.4.0\;C:\Program Files\Cloudflare\Cloudflare WARP\;C:\Program Files\nodejs\;C:\Ruby34-x64\bin;C:\Users\misha\AppData\Local\Programs\Python\Python313\Scripts\;C:\Users\misha\AppData\Local\Programs\Python\Python313\;C:\Users\misha\AppData\Local\Programs\Python\Launcher\;C:\Users\misha\AppData\Local\Microsoft\WindowsApps;E:\Microsoft VS Code\bin;C:\Users\misha\go\bin;D:\modelsim\modelsim_ase\win32aloem;D:\quartus\qcore\questa_fse\win64;D:\quartus\qcore\questa_fe\win64;C:\Users\misha\AppData\Roaming\npm" ASAN_OPTIONS=detect_leaks=0 "gcc -Ic:/Ruby34-x64/include/ruby-3.4.0/x64-mingw-ucrt -Ic:/Ruby34-x64/include/ruby-3.4.0/ruby/backward -Ic:/Ruby34-x64/include/ruby-3.4.0 -I. -D_WIN32_WINNT=0x0600 -D__MINGW_USE_VC2005_COMPAT -D_FILE_OFFSET_BITS=64  -O3 -fstack-protector-strong  -Wall -Werror -c conftest.c"
checked program was:
/* begin */
1: #include "ruby.h"
2: 
3: #include <winsock2.h>
4: #include <windows.h>
5: int main(int argc, char **argv)
6: {
7:   return !!argv[argc];
8: }
/* end */

--------------------

append_cflags: checking for whether -O3 is accepted as CFLAGS... -------------------- yes

PATH=".;c:/Ruby34-x64/lib;c:\Ruby34-x64\bin;c:\Ruby34-x64\msys64\ucrt64\bin;c:\Ruby34-x64\msys64\usr\bin;C:\Users\misha\.local\share\gem\ruby\3.4.0\bin;c:\Ruby34-x64\lib\ruby\gems\3.4.0\bin;c:\Ruby34-x64\bin;C:\Program Files (x86)\Common Files\Oracle\Java\java8path;C:\Program Files (x86)\Common Files\Oracle\Java\javapath;C:\Program Files\NVIDIA GPU Computing Toolkit\CUDA\v13.1\bin\x64;C:\Program Files\NVIDIA GPU Computing Toolkit\CUDA\v13.1\bin;C:\Program Files\BellSoft\LibericaJDK-8-Full\bin\;C:\WINDOWS\system32;C:\WINDOWS;C:\WINDOWS\System32\Wbem;C:\WINDOWS\System32\WindowsPowerShell\v1.0\;C:\WINDOWS\System32\OpenSSH\;C:\Program Files\Go\bin;C:\Program Files\NVIDIA Corporation\NVIDIA App\NvDLISR;C:\Program Files\dotnet\;C:\Program Files (x86)\NVIDIA Corporation\PhysX\Common;C:\Program Files\Git\cmd;C:\Program Files\Docker\Docker\resources\bin;C:\Program Files\NVIDIA Corporation\Nsight Compute 2025.4.0\;C:\Program Files\Cloudflare\Cloudflare WARP\;C:\Program Files\nodejs\;C:\Ruby34-x64\bin;C:\Users\misha\AppData\Local\Programs\Python\Python313\Scripts\;C:\Users\misha\AppData\Local\Programs\Python\Python313\;C:\Users\misha\AppData\Local\Programs\Python\Launcher\;C:\Users\misha\AppData\Local\Microsoft\WindowsApps;E:\Microsoft VS Code\bin;C:\Users\misha\go\bin;D:\modelsim\modelsim_ase\win32aloem;D:\quartus\qcore\questa_fse\win64;D:\quartus\qcore\questa_fe\win64;C:\Users\misha\AppData\Roaming\npm" ASAN_OPTIONS=detect_leaks=0 "gcc -Ic:/Ruby34-x64/include/ruby-3.4.0/x64-mingw-ucrt -Ic:/Ruby34-x64/include/ruby-3.4.0/ruby/backward -Ic:/Ruby34-x64/include/ruby-3.4.0 -I. -D_WIN32_WINNT=0x0600 -D__MINGW_USE_VC2005_COMPAT -D_FILE_OFFSET_BITS=64  -O3 -fstack-protector-strong -Wall  -O3 -Werror -c conftest.c"
checked program was:
/* begin */
1: #include "ruby.h"
2: 
3: #include <winsock2.h>
4: #include <windows.h>
5: int main(int argc, char **argv)
6: {
7:   return !!argv[argc];
8: }
/* end */

--------------------

append_cflags: checking for whether -pedantic is accepted as CFLAGS... -------------------- yes

PATH=".;c:/Ruby34-x64/lib;c:\Ruby34-x64\bin;c:\Ruby34-x64\msys64\ucrt64\bin;c:\Ruby34-x64\msys64\usr\bin;C:\Users\misha\.local\share\gem\ruby\3.4.0\bin;c:\Ruby34-x64\lib\ruby\gems\3.4.0\bin;c:\Ruby34-x64\bin;C:\Program Files (x86)\Common Files\Oracle\Java\java8path;C:\Program Files (x86)\Common Files\Oracle\Java\javapath;C:\Program Files\NVIDIA GPU Computing Toolkit\CUDA\v13.1\bin\x64;C:\Program Files\NVIDIA GPU Computing Toolkit\CUDA\v13.1\bin;C:\Program Files\BellSoft\LibericaJDK-8-Full\bin\;C:\WINDOWS\system32;C:\WINDOWS;C:\WINDOWS\System32\Wbem;C:\WINDOWS\System32\WindowsPowerShell\v1.0\;C:\WINDOWS\System32\OpenSSH\;C:\Program Files\Go\bin;C:\Program Files\NVIDIA Corporation\NVIDIA App\NvDLISR;C:\Program Files\dotnet\;C:\Program Files (x86)\NVIDIA Corporation\PhysX\Common;C:\Program Files\Git\cmd;C:\Program Files\Docker\Docker\resources\bin;C:\Program Files\NVIDIA Corporation\Nsight Compute 2025.4.0\;C:\Program Files\Cloudflare\Cloudflare WARP\;C:\Program Files\nodejs\;C:\Ruby34-x64\bin;C:\Users\misha\AppData\Local\Programs\Python\Python313\Scripts\;C:\Users\misha\AppData\Local\Programs\Python\Python313\;C:\Users\misha\AppData\Local\Programs\Python\Launcher\;C:\Users\misha\AppData\Local\Microsoft\WindowsApps;E:\Microsoft VS Code\bin;C:\Users\misha\go\bin;D:\modelsim\modelsim_ase\win32aloem;D:\quartus\qcore\questa_fse\win64;D:\quartus\qcore\questa_fe\win64;C:\Users\misha\AppData\Roaming\npm" ASAN_OPTIONS=detect_leaks=0 "gcc -Ic:/Ruby34-x64/include/ruby-3.4.0/x64-mingw-ucrt -Ic:/Ruby34-x64/include/ruby-3.4.0/ruby/backward -Ic:/Ruby34-x64/include/ruby-3.4.0 -I. -D_WIN32_WINNT=0x0600 -D__MINGW_USE_VC2005_COMPAT -D_FILE_OFFSET_BITS=64  -O3 -fstack-protector-strong -Wall -O3  -pedantic -Werror -c conftest.c"
checked program was:
/* begin */
1: #include "ruby.h"
2: 
3: #include <winsock2.h>
4: #include <windows.h>
5: int main(int argc, char **argv)
6: {
7:   return !!argv[argc];
8: }
/* end */

--------------------

append_cflags: checking for whether -std=c99 is accepted as CFLAGS... -------------------- no

PATH=".;c:/Ruby34-x64/lib;c:\Ruby34-x64\bin;c:\Ruby34-x64\msys64\ucrt64\bin;c:\Ruby34-x64\msys64\usr\bin;C:\Users\misha\.local\share\gem\ruby\3.4.0\bin;c:\Ruby34-x64\lib\ruby\gems\3.4.0\bin;c:\Ruby34-x64\bin;C:\Program Files (x86)\Common Files\Oracle\Java\java8path;C:\Program Files (x86)\Common Files\Oracle\Java\javapath;C:\Program Files\NVIDIA GPU Computing Toolkit\CUDA\v13.1\bin\x64;C:\Program Files\NVIDIA GPU Computing Toolkit\CUDA\v13.1\bin;C:\Program Files\BellSoft\LibericaJDK-8-Full\bin\;C:\WINDOWS\system32;C:\WINDOWS;C:\WINDOWS\System32\Wbem;C:\WINDOWS\System32\WindowsPowerShell\v1.0\;C:\WINDOWS\System32\OpenSSH\;C:\Program Files\Go\bin;C:\Program Files\NVIDIA Corporation\NVIDIA App\NvDLISR;C:\Program Files\dotnet\;C:\Program Files (x86)\NVIDIA Corporation\PhysX\Common;C:\Program Files\Git\cmd;C:\Program Files\Docker\Docker\resources\bin;C:\Program Files\NVIDIA Corporation\Nsight Compute 2025.4.0\;C:\Program Files\Cloudflare\Cloudflare WARP\;C:\Program Files\nodejs\;C:\Ruby34-x64\bin;C:\Users\misha\AppData\Local\Programs\Python\Python313\Scripts\;C:\Users\misha\AppData\Local\Programs\Python\Python313\;C:\Users\misha\AppData\Local\Programs\Python\Launcher\;C:\Users\misha\AppData\Local\Microsoft\WindowsApps;E:\Microsoft VS Code\bin;C:\Users\misha\go\bin;D:\modelsim\modelsim_ase\win32aloem;D:\quartus\qcore\questa_fse\win64;D:\quartus\qcore\questa_fe\win64;C:\Users\misha\AppData\Roaming\npm" ASAN_OPTIONS=detect_leaks=0 "gcc -Ic:/Ruby34-x64/include/ruby-3.4.0/x64-mingw-ucrt -Ic:/Ruby34-x64/include/ruby-3.4.0/ruby/backward -Ic:/Ruby34-x64/include/ruby-3.4.0 -I. -D_WIN32_WINNT=0x0600 -D__MINGW_USE_VC2005_COMPAT -D_FILE_OFFSET_BITS=64  -O3 -fstack-protector-strong -Wall -O3 -pedantic  -std=c99 -Werror -c conftest.c"
In file included from c:/Ruby34-x64/include/ruby-3.4.0/ruby/ruby.h:15,
                 from c:/Ruby34-x64/include/ruby-3.4.0/ruby.h:38,
                 from conftest.c:1:
c:/Ruby34-x64/include/ruby-3.4.0/ruby/internal/config.h:139:50: error: '__VA_OPT__' is not available until C23 [-Werror=pedantic]
  139 | # define RBIMPL_TEST2(...)          RBIMPL_TEST3(__VA_OPT__(,),1,0,0)
      |                                                  ^
In file included from c:/Ruby34-x64/include/ruby-3.4.0/ruby/internal/xmalloc.h:34,
                 from c:/Ruby34-x64/include/ruby-3.4.0/ruby/defines.h:71,
                 from c:/Ruby34-x64/include/ruby-3.4.0/ruby/ruby.h:25:
c:/Ruby34-x64/include/ruby-3.4.0/ruby/internal/attr/nodiscard.h:35:34: error: ISO C does not support '[[]]' attributes before C23 [-Werror=pedantic]
   35 | # define RBIMPL_ATTR_NODISCARD() [[nodiscard]]
      |                                  ^
c:/Ruby34-x64/include/ruby-3.4.0/ruby/internal/xmalloc.h:62:1: note: in expansion of macro 'RBIMPL_ATTR_NODISCARD'
   62 | RBIMPL_ATTR_NODISCARD()
      | ^~~~~~~~~~~~~~~~~~~~~
c:/Ruby34-x64/include/ruby-3.4.0/ruby/internal/attr/nodiscard.h:35:34: error: ISO C does not support '[[]]' attributes before C23 [-Werror=pedantic]
   35 | # define RBIMPL_ATTR_NODISCARD() [[nodiscard]]
      |                                  ^
c:/Ruby34-x64/include/ruby-3.4.0/ruby/internal/xmalloc.h:90:1: note: in expansion of macro 'RBIMPL_ATTR_NODISCARD'
   90 | RBIMPL_ATTR_NODISCARD()
      | ^~~~~~~~~~~~~~~~~~~~~
c:/Ruby34-x64/include/ruby-3.4.0/ruby/internal/attr/nodiscard.h:35:34: error: ISO C does not support '[[]]' attributes before C23 [-Werror=pedantic]
   35 | # define RBIMPL_ATTR_NODISCARD() [[nodiscard]]
      |                                  ^
c:/Ruby34-x64/include/ruby-3.4.0/ruby/internal/xmalloc.h:121:1: note: in expansion of macro 'RBIMPL_ATTR_NODISCARD'
  121 | RBIMPL_ATTR_NODISCARD()
      | ^~~~~~~~~~~~~~~~~~~~~
c:/Ruby34-x64/include/ruby-3.4.0/ruby/internal/attr/nodiscard.h:35:34: error: ISO C does not support '[[]]' attributes before C23 [-Werror=pedantic]
   35 | # define RBIMPL_ATTR_NODISCARD() [[nodiscard]]
      |                                  ^
c:/Ruby34-x64/include/ruby-3.4.0/ruby/internal/xmalloc.h:151:1: note: in expansion of macro 'RBIMPL_ATTR_NODISCARD'
  151 | RBIMPL_ATTR_NODISCARD()
      | ^~~~~~~~~~~~~~~~~~~~~
c:/Ruby34-x64/include/ruby-3.4.0/ruby/internal/attr/nodiscard.h:35:34: error: ISO C does not support '[[]]' attributes before C23 [-Werror=pedantic]
   35 | # define RBIMPL_ATTR_NODISCARD() [[nodiscard]]
      |                                  ^
c:/Ruby34-x64/include/ruby-3.4.0/ruby/internal/xmalloc.h:197:1: note: in expansion of macro 'RBIMPL_ATTR_NODISCARD'
  197 | RBIMPL_ATTR_NODISCARD()
      | ^~~~~~~~~~~~~~~~~~~~~
In file included from c:/Ruby34-x64/include/ruby-3.4.0/ruby/internal/attr/pure.h:25,
                 from c:/Ruby34-x64/include/ruby-3.4.0/ruby/backward/2/attributes.h:43,
                 from c:/Ruby34-x64/include/ruby-3.4.0/ruby/defines.h:73:
c:/Ruby34-x64/include/ruby-3.4.0/ruby/assert.h:162:34: error: '__VA_OPT__' is not available until C23 [-Werror=pedantic]
  162 | # define RBIMPL_VA_OPT_ARGS(...) __VA_OPT__(,) __VA_ARGS__
      |                                  ^
c:/Ruby34-x64/include/ruby-3.4.0/ruby/assert.h:165:24: error: '__VA_OPT__' is not available until C23 [-Werror=pedantic]
  165 |     rb_assert_failure##__VA_OPT__(_detail)( \
      |                        ^
In file included from c:/Ruby34-x64/include/ruby-3.4.0/ruby/backward/2/attributes.h:38:
c:/Ruby34-x64/include/ruby-3.4.0/ruby/internal/attr/maybe_unused.h:31:37: error: ISO C does not support '[[]]' attributes before C23 [-Werror=pedantic]
   31 | # define RBIMPL_ATTR_MAYBE_UNUSED() [[maybe_unused]]
      |                                     ^
c:/Ruby34-x64/include/ruby-3.4.0/ruby/internal/gc.h:748:5: note: in expansion of macro 'RBIMPL_ATTR_MAYBE_UNUSED'
  748 |     RBIMPL_ATTR_MAYBE_UNUSED()
      |     ^~~~~~~~~~~~~~~~~~~~~~~~
c:/Ruby34-x64/include/ruby-3.4.0/ruby/internal/attr/maybe_unused.h:31:37: error: ISO C does not support '[[]]' attributes before C23 [-Werror=pedantic]
   31 | # define RBIMPL_ATTR_MAYBE_UNUSED() [[maybe_unused]]
      |                                     ^
c:/Ruby34-x64/include/ruby-3.4.0/ruby/internal/gc.h:750:5: note: in expansion of macro 'RBIMPL_ATTR_MAYBE_UNUSED'
  750 |     RBIMPL_ATTR_MAYBE_UNUSED()
      |     ^~~~~~~~~~~~~~~~~~~~~~~~
c:/Ruby34-x64/include/ruby-3.4.0/ruby/internal/attr/maybe_unused.h:31:37: error: ISO C does not support '[[]]' attributes before C23 [-Werror=pedantic]
   31 | # define RBIMPL_ATTR_MAYBE_UNUSED() [[maybe_unused]]
      |                                     ^
c:/Ruby34-x64/include/ruby-3.4.0/ruby/internal/gc.h:776:5: note: in expansion of macro 'RBIMPL_ATTR_MAYBE_UNUSED'
  776 |     RBIMPL_ATTR_MAYBE_UNUSED()
      |     ^~~~~~~~~~~~~~~~~~~~~~~~
c:/Ruby34-x64/include/ruby-3.4.0/ruby/internal/attr/maybe_unused.h:31:37: error: ISO C does not support '[[]]' attributes before C23 [-Werror=pedantic]
   31 | # define RBIMPL_ATTR_MAYBE_UNUSED() [[maybe_unused]]
      |                                     ^
c:/Ruby34-x64/include/ruby-3.4.0/ruby/internal/gc.h:779:5: note: in expansion of macro 'RBIMPL_ATTR_MAYBE_UNUSED'
  779 |     RBIMPL_ATTR_MAYBE_UNUSED()
      |     ^~~~~~~~~~~~~~~~~~~~~~~~
c:/Ruby34-x64/include/ruby-3.4.0/ruby/internal/attr/maybe_unused.h:31:37: error: ISO C does not support '[[]]' attributes before C23 [-Werror=pedantic]
   31 | # define RBIMPL_ATTR_MAYBE_UNUSED() [[maybe_unused]]
      |                                     ^
c:/Ruby34-x64/include/ruby-3.4.0/ruby/internal/gc.h:781:5: note: in expansion of macro 'RBIMPL_ATTR_MAYBE_UNUSED'
  781 |     RBIMPL_ATTR_MAYBE_UNUSED()
      |     ^~~~~~~~~~~~~~~~~~~~~~~~
c:/Ruby34-x64/include/ruby-3.4.0/ruby/internal/attr/maybe_unused.h:31:37: error: ISO C does not support '[[]]' attributes before C23 [-Werror=pedantic]
   31 | # define RBIMPL_ATTR_MAYBE_UNUSED() [[maybe_unused]]
      |                                     ^
c:/Ruby34-x64/include/ruby-3.4.0/ruby/internal/gc.h:811:5: note: in expansion of macro 'RBIMPL_ATTR_MAYBE_UNUSED'
  811 |     RBIMPL_ATTR_MAYBE_UNUSED()
      |     ^~~~~~~~~~~~~~~~~~~~~~~~
c:/Ruby34-x64/include/ruby-3.4.0/ruby/internal/attr/maybe_unused.h:31:37: error: ISO C does not support '[[]]' attributes before C23 [-Werror=pedantic]
   31 | # define RBIMPL_ATTR_MAYBE_UNUSED() [[maybe_unused]]
      |                                     ^
c:/Ruby34-x64/include/ruby-3.4.0/ruby/internal/gc.h:813:5: note: in expansion of macro 'RBIMPL_ATTR_MAYBE_UNUSED'
  813 |     RBIMPL_ATTR_MAYBE_UNUSED()
      |     ^~~~~~~~~~~~~~~~~~~~~~~~
c:/Ruby34-x64/include/ruby-3.4.0/ruby/internal/attr/maybe_unused.h:31:37: error: ISO C does not support '[[]]' attributes before C23 [-Werror=pedantic]
   31 | # define RBIMPL_ATTR_MAYBE_UNUSED() [[maybe_unused]]
      |                                     ^
c:/Ruby34-x64/include/ruby-3.4.0/ruby/backward/2/attributes.h:159:28: note: in expansion of macro 'RBIMPL_ATTR_MAYBE_UNUSED'
  159 | #define RB_UNUSED_VAR(x) x RBIMPL_ATTR_MAYBE_UNUSED()
      |                            ^~~~~~~~~~~~~~~~~~~~~~~~
c:/Ruby34-x64/include/ruby-3.4.0/ruby/internal/scan_args.h:391:33: note: in expansion of macro 'RB_UNUSED_VAR'
  391 |                  VALUE *vars[], RB_UNUSED_VAR(const char *fmt), RB_UNUSED_VAR(int varc))
      |                                 ^~~~~~~~~~~~~
c:/Ruby34-x64/include/ruby-3.4.0/ruby/internal/attr/maybe_unused.h:31:37: error: ISO C does not support '[[]]' attributes before C23 [-Werror=pedantic]
   31 | # define RBIMPL_ATTR_MAYBE_UNUSED() [[maybe_unused]]
      |                                     ^
c:/Ruby34-x64/include/ruby-3.4.0/ruby/backward/2/attributes.h:159:28: note: in expansion of macro 'RBIMPL_ATTR_MAYBE_UNUSED'
  159 | #define RB_UNUSED_VAR(x) x RBIMPL_ATTR_MAYBE_UNUSED()
      |                            ^~~~~~~~~~~~~~~~~~~~~~~~
c:/Ruby34-x64/include/ruby-3.4.0/ruby/internal/scan_args.h:391:65: note: in expansion of macro 'RB_UNUSED_VAR'
  391 |                  VALUE *vars[], RB_UNUSED_VAR(const char *fmt), RB_UNUSED_VAR(int varc))
      |                                                                 ^~~~~~~~~~~~~
In file included from c:/Ruby34-x64/include/ruby-3.4.0/ruby/ruby.h:46:
c:/Ruby34-x64/include/ruby-3.4.0/ruby/internal/scan_args.h:502:41: error: '__VA_OPT__' is not available until C23 [-Werror=pedantic]
  502 |         (rb_scan_args)(argc, argvp, fmt __VA_OPT__(, __VA_ARGS__)))
      |                                         ^
c:/Ruby34-x64/include/ruby-3.4.0/ruby/internal/scan_args.h:510:53: error: '__VA_OPT__' is not available until C23 [-Werror=pedantic]
  510 |         (rb_scan_args_kw)(kw_flag, argc, argvp, fmt __VA_OPT__(, __VA_ARGS__)))
      |                                                     ^
cc1.exe: all warnings being treated as errors
checked program was:
/* begin */
1: #include "ruby.h"
2: 
3: #include <winsock2.h>
4: #include <windows.h>
5: int main(int argc, char **argv)
6: {
7:   return !!argv[argc];
8: }
/* end */

--------------------

